{
  "RSpec": {
    "coverage": {
      "/app/app/services/showoff_api/client.rb": {
        "lines": [
          null,
          null,
          1,
          1,
          1,
          4,
          1,
          null,
          null,
          1,
          4,
          1,
          null,
          null,
          1,
          4,
          1,
          null,
          null,
          1,
          4,
          1,
          null,
          null,
          1,
          19,
          42,
          15,
          null,
          null,
          null,
          null,
          1,
          4,
          null,
          null,
          null
        ]
      },
      "/app/app/services/showoff_api/client/authentication.rb": {
        "lines": [
          null,
          null,
          1,
          1,
          1,
          1,
          6,
          null,
          null,
          1,
          6,
          null,
          6,
          null,
          null,
          1,
          1,
          null,
          6,
          null,
          null,
          null,
          null,
          null,
          null,
          null,
          null,
          null
        ]
      },
      "/app/app/services/showoff_api/client/base.rb": {
        "lines": [
          null,
          null,
          1,
          1,
          1,
          1,
          null,
          1,
          51,
          51,
          51,
          null,
          null,
          1,
          1,
          0,
          null,
          null,
          1,
          44,
          null,
          null,
          1,
          44,
          null,
          null,
          null,
          null,
          1,
          44,
          null,
          44,
          27,
          null,
          17,
          null,
          null,
          null,
          1,
          44,
          null,
          null,
          null,
          null,
          null,
          1,
          44,
          null,
          null,
          1,
          24,
          null,
          12,
          null,
          null,
          1,
          9,
          null,
          0,
          null,
          null,
          1,
          5,
          null,
          2,
          null,
          null,
          1,
          6,
          null,
          3,
          null,
          null,
          null,
          null
        ]
      },
      "/app/app/services/showoff_api/client/user.rb": {
        "lines": [
          null,
          null,
          1,
          1,
          1,
          1,
          13,
          13,
          null,
          null,
          1,
          12,
          null,
          null,
          1,
          12,
          null,
          12,
          null,
          null,
          1,
          1,
          null,
          12,
          null,
          null,
          null,
          null,
          null,
          null,
          null
        ]
      },
      "/app/app/services/showoff_api/client/visible_widget.rb": {
        "lines": [
          null,
          null,
          1,
          1,
          1,
          1,
          6,
          null,
          null,
          1,
          6,
          null,
          6,
          null,
          null,
          1,
          1,
          null,
          6,
          null,
          null,
          null,
          6,
          null,
          6,
          null,
          null,
          null,
          null
        ]
      },
      "/app/app/services/showoff_api/client/widget.rb": {
        "lines": [
          null,
          null,
          1,
          1,
          1,
          1,
          21,
          21,
          null,
          null,
          1,
          20,
          null,
          null,
          1,
          3,
          null,
          3,
          null,
          null,
          1,
          6,
          null,
          6,
          null,
          null,
          1,
          6,
          null,
          6,
          null,
          null,
          1,
          5,
          null,
          5,
          null,
          null,
          1,
          20,
          null,
          null,
          1,
          1,
          null,
          11,
          null,
          null,
          null,
          null,
          null
        ]
      },
      "/app/app/helpers/application_helper.rb": {
        "lines": [
          0,
          0
        ],
        "branches": {
        }
      },
      "/app/app/models/application_record.rb": {
        "lines": [
          0,
          0,
          0
        ],
        "branches": {
        }
      },
      "/app/app/controllers/application_controller.rb": {
        "lines": [
          0,
          0
        ],
        "branches": {
        }
      }
    },
    "timestamp": 1586824446
  }
}
