{
  "RSpec": {
    "coverage": {
      "/app/app/models/user.rb": {
        "lines": [
          null,
          null,
          1,
          1,
          null,
          1,
          null,
          null,
          null,
          null,
          null,
          null,
          1,
          null,
          null,
          null,
          1,
          null,
          null,
          16,
          null,
          1,
          null,
          0,
          null,
          null,
          null,
          null,
          null,
          null
        ]
      },
      "/app/app/services/showoff_api/client.rb": {
        "lines": [
          null,
          null,
          1,
          1,
          1,
          4,
          1,
          null,
          null,
          1,
          6,
          3,
          null,
          null,
          1,
          4,
          1,
          null,
          null,
          1,
          4,
          1,
          null,
          null,
          1,
          21,
          48,
          15,
          null,
          null,
          null,
          null,
          1,
          6,
          null,
          null,
          null
        ]
      },
      "/app/app/services/showoff_api/client/authentication.rb": {
        "lines": [
          null,
          null,
          1,
          1,
          1,
          1,
          8,
          null,
          null,
          1,
          8,
          null,
          7,
          null,
          null,
          1,
          1,
          null,
          8,
          null,
          null,
          null,
          null,
          null,
          null,
          null,
          null,
          null
        ]
      },
      "/app/app/services/showoff_api/client/base.rb": {
        "lines": [
          null,
          null,
          1,
          1,
          1,
          1,
          null,
          1,
          59,
          59,
          59,
          null,
          null,
          1,
          1,
          0,
          null,
          null,
          1,
          51,
          null,
          null,
          1,
          51,
          null,
          null,
          null,
          null,
          1,
          51,
          null,
          51,
          31,
          null,
          20,
          null,
          null,
          null,
          1,
          52,
          null,
          null,
          null,
          null,
          null,
          1,
          52,
          null,
          null,
          1,
          23,
          null,
          12,
          null,
          null,
          1,
          9,
          null,
          0,
          null,
          null,
          1,
          6,
          null,
          3,
          null,
          null,
          1,
          8,
          null,
          2,
          null,
          null,
          1,
          6,
          null,
          3,
          null,
          null,
          null,
          null
        ]
      },
      "/app/app/services/showoff_api/client/user.rb": {
        "lines": [
          null,
          null,
          1,
          1,
          1,
          1,
          19,
          19,
          null,
          null,
          1,
          18,
          null,
          null,
          1,
          9,
          null,
          9,
          null,
          null,
          1,
          6,
          null,
          6,
          null,
          null,
          1,
          0,
          null,
          null,
          1,
          3,
          null,
          3,
          null,
          null,
          1,
          18,
          18,
          18,
          null,
          null,
          1,
          1,
          null,
          12,
          null,
          null,
          null,
          null,
          null,
          null,
          null
        ]
      },
      "/app/app/services/showoff_api/client/visible_widget.rb": {
        "lines": [
          null,
          null,
          1,
          1,
          1,
          1,
          6,
          null,
          null,
          1,
          6,
          null,
          6,
          null,
          null,
          1,
          1,
          null,
          6,
          null,
          null,
          null,
          6,
          null,
          6,
          null,
          null,
          null,
          null
        ]
      },
      "/app/app/services/showoff_api/client/widget.rb": {
        "lines": [
          null,
          null,
          1,
          1,
          1,
          1,
          21,
          21,
          null,
          null,
          1,
          20,
          null,
          null,
          1,
          3,
          null,
          3,
          null,
          null,
          1,
          6,
          null,
          6,
          null,
          null,
          1,
          6,
          null,
          6,
          null,
          null,
          1,
          5,
          null,
          5,
          null,
          null,
          1,
          20,
          null,
          null,
          1,
          1,
          null,
          11,
          null,
          null,
          null,
          null,
          null
        ]
      },
      "/app/app/controllers/application_controller.rb": {
        "lines": [
          null,
          null,
          1,
          1,
          null,
          1,
          2,
          null,
          null,
          1,
          1,
          2,
          0,
          0,
          null,
          null,
          null
        ]
      },
      "/app/app/controllers/authentication_controller.rb": {
        "lines": [
          null,
          null,
          1,
          1,
          2,
          null,
          1,
          null,
          1,
          null,
          null,
          1,
          0,
          0,
          0,
          null,
          null,
          1,
          1,
          2,
          null,
          null,
          null,
          null,
          1,
          2,
          null,
          null
        ]
      },
      "/app/app/helpers/application_helper.rb": {
        "lines": [
          null,
          null,
          0,
          0
        ],
        "branches": {
        }
      },
      "/app/app/models/application_record.rb": {
        "lines": [
          null,
          null,
          0,
          0,
          0
        ],
        "branches": {
        }
      },
      "/app/app/models/widget.rb": {
        "lines": [
          null,
          null,
          0,
          0,
          null,
          0,
          null,
          0,
          0,
          0,
          null,
          0,
          0,
          0,
          0,
          0,
          0,
          0,
          0
        ],
        "branches": {
        }
      },
      "/app/app/controllers/widgets_controller.rb": {
        "lines": [
          null,
          null,
          0,
          0,
          0,
          0,
          0,
          0,
          null,
          0,
          0,
          0,
          null,
          0,
          0,
          0,
          0,
          0,
          0,
          0,
          0,
          0,
          null,
          0,
          0,
          0,
          0,
          null,
          0,
          0,
          0,
          0,
          0,
          0
        ],
        "branches": {
        }
      },
      "/app/app/controllers/users_controller.rb": {
        "lines": [
          null,
          null,
          0,
          0,
          0,
          0,
          null,
          0,
          0,
          0,
          0,
          0,
          0,
          0,
          0,
          0,
          null,
          0,
          0,
          0,
          0,
          0,
          null,
          0,
          0,
          0,
          0,
          0,
          0,
          0,
          0,
          0,
          0,
          null,
          0,
          0,
          0,
          0,
          0,
          0,
          null,
          0,
          0,
          0,
          0
        ],
        "branches": {
        }
      },
      "/app/app/controllers/home_controller.rb": {
        "lines": [
          null,
          null,
          0,
          0,
          0,
          0,
          0,
          0,
          null,
          0,
          0,
          0,
          0,
          0
        ],
        "branches": {
        }
      }
    },
    "timestamp": 1586905931
  }
}
